# JRE version: OpenJDK Runtime Environment (8.0_242-b01) (build 1.8.0_242-release-1644-b01)
# Java VM: OpenJDK 64-Bit Server VM (25.242-b01 mixed mode windows-amd64 compressed oops)
Heap:
 PSYoungGen      total 160768K, used 58596K [0x00000000d5580000, 0x00000000e0d00000, 0x0000000100000000)
  eden space 148480K, 32% used [0x00000000d5580000,0x00000000d8462588,0x00000000de680000)
  from space 12288K, 86% used [0x00000000de680000,0x00000000df0d6d40,0x00000000df280000)
  to   space 12800K, 0% used [0x00000000df280000,0x00000000df280000,0x00000000dff00000)
 ParOldGen       total 71168K, used 14150K [0x0000000080000000, 0x0000000084580000, 0x00000000d5580000)
  object space 71168K, 19% used [0x0000000080000000,0x0000000080dd1ae8,0x0000000084580000)
 Metaspace       used 45369K, capacity 47200K, committed 47528K, reserved 1089536K
  class space    used 6148K, capacity 6530K, committed 6576K, reserved 1048576K
GC Heap History (10 events):
Event: 2.706 GC heap before
{Heap before GC invocations=7 (full 1):
 PSYoungGen      total 56832K, used 49152K [0x00000000d5580000, 0x00000000dcb80000, 0x0000000100000000)
  eden space 49152K, 100% used [0x00000000d5580000,0x00000000d8580000,0x00000000d8580000)
  from space 7680K, 0% used [0x00000000d8580000,0x00000000d8580000,0x00000000d8d00000)
  to   space 11264K, 0% used [0x00000000dc080000,0x00000000dc080000,0x00000000dcb80000)
 ParOldGen       total 71168K, used 7433K [0x0000000080000000, 0x0000000084580000, 0x00000000d5580000)
  object space 71168K, 10% used [0x0000000080000000,0x00000000807426f0,0x0000000084580000)
 Metaspace       used 25076K, capacity 25858K, committed 26160K, reserved 1071104K
  class space    used 3517K, capacity 3775K, committed 3888K, reserved 1048576K
Event: 2.714 GC heap after
Heap after GC invocations=7 (full 1):
 PSYoungGen      total 91648K, used 5424K [0x00000000d5580000, 0x00000000dc600000, 0x0000000100000000)
  eden space 86016K, 0% used [0x00000000d5580000,0x00000000d5580000,0x00000000da980000)
  from space 5632K, 96% used [0x00000000dc080000,0x00000000dc5cc3e8,0x00000000dc600000)
  to   space 11264K, 0% used [0x00000000db000000,0x00000000db000000,0x00000000dbb00000)
 ParOldGen       total 71168K, used 7441K [0x0000000080000000, 0x0000000084580000, 0x00000000d5580000)
  object space 71168K, 10% used [0x0000000080000000,0x00000000807446f0,0x0000000084580000)
 Metaspace       used 25076K, capacity 25858K, committed 26160K, reserved 1071104K
  class space    used 3517K, capacity 3775K, committed 3888K, reserved 1048576K
}
Event: 3.351 GC heap before
{Heap before GC invocations=8 (full 1):
 PSYoungGen      total 91648K, used 91440K [0x00000000d5580000, 0x00000000dc600000, 0x0000000100000000)
  eden space 86016K, 100% used [0x00000000d5580000,0x00000000da980000,0x00000000da980000)
  from space 5632K, 96% used [0x00000000dc080000,0x00000000dc5cc3e8,0x00000000dc600000)
  to   space 11264K, 0% used [0x00000000db000000,0x00000000db000000,0x00000000dbb00000)
 ParOldGen       total 71168K, used 7441K [0x0000000080000000, 0x0000000084580000, 0x00000000d5580000)
  object space 71168K, 10% used [0x0000000080000000,0x00000000807446f0,0x0000000084580000)
 Metaspace       used 33270K, capacity 34402K, committed 34608K, reserved 1079296K
  class space    used 4563K, capacity 4826K, committed 4912K, reserved 1048576K
Event: 3.359 GC heap after
Heap after GC invocations=8 (full 1):
 PSYoungGen      total 103936K, used 11063K [0x00000000d5580000, 0x00000000dff00000, 0x0000000100000000)
  eden space 92672K, 0% used [0x00000000d5580000,0x00000000d5580000,0x00000000db000000)
  from space 11264K, 98% used [0x00000000db000000,0x00000000dbacdf60,0x00000000dbb00000)
  to   space 12800K, 0% used [0x00000000df280000,0x00000000df280000,0x00000000dff00000)
 ParOldGen       total 71168K, used 7449K [0x0000000080000000, 0x0000000084580000, 0x00000000d5580000)
  object space 71168K, 10% used [0x0000000080000000,0x00000000807466f0,0x0000000084580000)
 Metaspace       used 33270K, capacity 34402K, committed 34608K, reserved 1079296K
  class space    used 4563K, capacity 4826K, committed 4912K, reserved 1048576K
}
Event: 3.497 GC heap before
{Heap before GC invocations=9 (full 1):
 PSYoungGen      total 103936K, used 35705K [0x00000000d5580000, 0x00000000dff00000, 0x0000000100000000)
  eden space 92672K, 26% used [0x00000000d5580000,0x00000000d6d906c0,0x00000000db000000)
  from space 11264K, 98% used [0x00000000db000000,0x00000000dbacdf60,0x00000000dbb00000)
  to   space 12800K, 0% used [0x00000000df280000,0x00000000df280000,0x00000000dff00000)
 ParOldGen       total 71168K, used 7449K [0x0000000080000000, 0x0000000084580000, 0x00000000d5580000)
  object space 71168K, 10% used [0x0000000080000000,0x00000000807466f0,0x0000000084580000)
 Metaspace       used 34314K, capacity 35404K, committed 35496K, reserved 1079296K
  class space    used 4728K, capacity 5003K, committed 5040K, reserved 1048576K
Event: 3.504 GC heap after
Heap after GC invocations=9 (full 1):
 PSYoungGen      total 161280K, used 7809K [0x00000000d5580000, 0x00000000e0d00000, 0x0000000100000000)
  eden space 148480K, 0% used [0x00000000d5580000,0x00000000d5580000,0x00000000de680000)
  from space 12800K, 61% used [0x00000000df280000,0x00000000dfa20778,0x00000000dff00000)
  to   space 12288K, 0% used [0x00000000de680000,0x00000000de680000,0x00000000df280000)
 ParOldGen       total 71168K, used 7457K [0x0000000080000000, 0x0000000084580000, 0x00000000d5580000)
  object space 71168K, 10% used [0x0000000080000000,0x00000000807486f0,0x0000000084580000)
 Metaspace       used 34314K, capacity 35404K, committed 35496K, reserved 1079296K
  class space    used 4728K, capacity 5003K, committed 5040K, reserved 1048576K
}
Event: 3.505 GC heap before
{Heap before GC invocations=10 (full 2):
 PSYoungGen      total 161280K, used 7809K [0x00000000d5580000, 0x00000000e0d00000, 0x0000000100000000)
  eden space 148480K, 0% used [0x00000000d5580000,0x00000000d5580000,0x00000000de680000)
  from space 12800K, 61% used [0x00000000df280000,0x00000000dfa20778,0x00000000dff00000)
  to   space 12288K, 0% used [0x00000000de680000,0x00000000de680000,0x00000000df280000)
 ParOldGen       total 71168K, used 7457K [0x0000000080000000, 0x0000000084580000, 0x00000000d5580000)
  object space 71168K, 10% used [0x0000000080000000,0x00000000807486f0,0x0000000084580000)
 Metaspace       used 34314K, capacity 35404K, committed 35496K, reserved 1079296K
  class space    used 4728K, capacity 5003K, committed 5040K, reserved 1048576K
Event: 3.599 GC heap after
Heap after GC invocations=10 (full 2):
 PSYoungGen      total 161280K, used 0K [0x00000000d5580000, 0x00000000e0d00000, 0x0000000100000000)
  eden space 148480K, 0% used [0x00000000d5580000,0x00000000d5580000,0x00000000de680000)
  from space 12800K, 0% used [0x00000000df280000,0x00000000df280000,0x00000000dff00000)
  to   space 12288K, 0% used [0x00000000de680000,0x00000000de680000,0x00000000df280000)
 ParOldGen       total 71168K, used 14142K [0x0000000080000000, 0x0000000084580000, 0x00000000d5580000)
  object space 71168K, 19% used [0x0000000080000000,0x0000000080dcfae8,0x0000000084580000)
 Metaspace       used 34314K, capacity 35404K, committed 35496K, reserved 1079296K
  class space    used 4728K, capacity 5003K, committed 5040K, reserved 1048576K
}
Event: 4.740 GC heap before
{Heap before GC invocations=11 (full 2):
 PSYoungGen      total 161280K, used 148472K [0x00000000d5580000, 0x00000000e0d00000, 0x0000000100000000)
  eden space 148480K, 99% used [0x00000000d5580000,0x00000000de67e290,0x00000000de680000)
  from space 12800K, 0% used [0x00000000df280000,0x00000000df280000,0x00000000dff00000)
  to   space 12288K, 0% used [0x00000000de680000,0x00000000de680000,0x00000000df280000)
 ParOldGen       total 71168K, used 14142K [0x0000000080000000, 0x0000000084580000, 0x00000000d5580000)
  object space 71168K, 19% used [0x0000000080000000,0x0000000080dcfae8,0x0000000084580000)
 Metaspace       used 40490K, capacity 42312K, committed 42664K, reserved 1085440K
  class space    used 5578K, capacity 5958K, committed 6064K, reserved 1048576K
Event: 4.748 GC heap after
Heap after GC invocations=11 (full 2):
 PSYoungGen      total 160768K, used 10587K [0x00000000d5580000, 0x00000000e0d00000, 0x0000000100000000)
  eden space 148480K, 0% used [0x00000000d5580000,0x00000000d5580000,0x00000000de680000)
  from space 12288K, 86% used [0x00000000de680000,0x00000000df0d6d40,0x00000000df280000)
  to   space 12800K, 0% used [0x00000000df280000,0x00000000df280000,0x00000000dff00000)
 ParOldGen       total 71168K, used 14150K [0x0000000080000000, 0x0000000084580000, 0x00000000d5580000)
  object space 71168K, 19% used [0x0000000080000000,0x0000000080dd1ae8,0x0000000084580000)
 Metaspace       used 40490K, capacity 42312K, committed 42664K, reserved 1085440K
  class space    used 5578K, capacity 5958K, committed 6064K, reserved 1048576K
}

