# JRE version: OpenJDK Runtime Environment (8.0_242-b01) (build 1.8.0_242-release-1644-b01)
# Java VM: OpenJDK 64-Bit Server VM (25.242-b01 mixed mode windows-amd64 compressed oops)
Heap:
 PSYoungGen      total 103936K, used 16352K [0x00000000d5580000, 0x00000000dff80000, 0x0000000100000000)
  eden space 92672K, 5% used [0x00000000d5580000,0x00000000d5abcbf8,0x00000000db000000)
  from space 11264K, 97% used [0x00000000db000000,0x00000000dbabb7c8,0x00000000dbb00000)
  to   space 12800K, 0% used [0x00000000df300000,0x00000000df300000,0x00000000dff80000)
 ParOldGen       total 71168K, used 7465K [0x0000000080000000, 0x0000000084580000, 0x00000000d5580000)
  object space 71168K, 10% used [0x0000000080000000,0x000000008074a760,0x0000000084580000)
 Metaspace       used 33451K, capacity 34530K, committed 34864K, reserved 1079296K
  class space    used 4585K, capacity 4826K, committed 4912K, reserved 1048576K
GC Heap History (10 events):
Event: 2.466 GC heap before
{Heap before GC invocations=4 (full 0):
 PSYoungGen      total 56832K, used 56821K [0x00000000d5580000, 0x00000000d9480000, 0x0000000100000000)
  eden space 49152K, 100% used [0x00000000d5580000,0x00000000d8580000,0x00000000d8580000)
  from space 7680K, 99% used [0x00000000d8580000,0x00000000d8cfd5f0,0x00000000d8d00000)
  to   space 7680K, 0% used [0x00000000d8d00000,0x00000000d8d00000,0x00000000d9480000)
 ParOldGen       total 130048K, used 1352K [0x0000000080000000, 0x0000000087f00000, 0x00000000d5580000)
  object space 130048K, 1% used [0x0000000080000000,0x0000000080152150,0x0000000087f00000)
 Metaspace       used 20211K, capacity 20856K, committed 20992K, reserved 1067008K
  class space    used 2824K, capacity 3044K, committed 3072K, reserved 1048576K
Event: 2.473 GC heap after
Heap after GC invocations=4 (full 0):
 PSYoungGen      total 56832K, used 7669K [0x00000000d5580000, 0x00000000dc480000, 0x0000000100000000)
  eden space 49152K, 0% used [0x00000000d5580000,0x00000000d5580000,0x00000000d8580000)
  from space 7680K, 99% used [0x00000000d8d00000,0x00000000d947d4d8,0x00000000d9480000)
  to   space 7680K, 0% used [0x00000000d8580000,0x00000000d8580000,0x00000000d8d00000)
 ParOldGen       total 130048K, used 4015K [0x0000000080000000, 0x0000000087f00000, 0x00000000d5580000)
  object space 130048K, 3% used [0x0000000080000000,0x00000000803ebef0,0x0000000087f00000)
 Metaspace       used 20211K, capacity 20856K, committed 20992K, reserved 1067008K
  class space    used 2824K, capacity 3044K, committed 3072K, reserved 1048576K
}
Event: 2.509 GC heap before
{Heap before GC invocations=5 (full 0):
 PSYoungGen      total 56832K, used 15804K [0x00000000d5580000, 0x00000000dc480000, 0x0000000100000000)
  eden space 49152K, 16% used [0x00000000d5580000,0x00000000d5d71e10,0x00000000d8580000)
  from space 7680K, 99% used [0x00000000d8d00000,0x00000000d947d4d8,0x00000000d9480000)
  to   space 7680K, 0% used [0x00000000d8580000,0x00000000d8580000,0x00000000d8d00000)
 ParOldGen       total 130048K, used 4015K [0x0000000080000000, 0x0000000087f00000, 0x00000000d5580000)
  object space 130048K, 3% used [0x0000000080000000,0x00000000803ebef0,0x0000000087f00000)
 Metaspace       used 20573K, capacity 21208K, committed 21296K, reserved 1067008K
  class space    used 2877K, capacity 3076K, committed 3120K, reserved 1048576K
Event: 2.513 GC heap after
Heap after GC invocations=5 (full 0):
 PSYoungGen      total 56832K, used 7173K [0x00000000d5580000, 0x00000000dcb80000, 0x0000000100000000)
  eden space 49152K, 0% used [0x00000000d5580000,0x00000000d5580000,0x00000000d8580000)
  from space 7680K, 93% used [0x00000000d8580000,0x00000000d8c81490,0x00000000d8d00000)
  to   space 11264K, 0% used [0x00000000dc080000,0x00000000dc080000,0x00000000dcb80000)
 ParOldGen       total 130048K, used 4023K [0x0000000080000000, 0x0000000087f00000, 0x00000000d5580000)
  object space 130048K, 3% used [0x0000000080000000,0x00000000803edef0,0x0000000087f00000)
 Metaspace       used 20573K, capacity 21208K, committed 21296K, reserved 1067008K
  class space    used 2877K, capacity 3076K, committed 3120K, reserved 1048576K
}
Event: 2.513 GC heap before
{Heap before GC invocations=6 (full 1):
 PSYoungGen      total 56832K, used 7173K [0x00000000d5580000, 0x00000000dcb80000, 0x0000000100000000)
  eden space 49152K, 0% used [0x00000000d5580000,0x00000000d5580000,0x00000000d8580000)
  from space 7680K, 93% used [0x00000000d8580000,0x00000000d8c81490,0x00000000d8d00000)
  to   space 11264K, 0% used [0x00000000dc080000,0x00000000dc080000,0x00000000dcb80000)
 ParOldGen       total 130048K, used 4023K [0x0000000080000000, 0x0000000087f00000, 0x00000000d5580000)
  object space 130048K, 3% used [0x0000000080000000,0x00000000803edef0,0x0000000087f00000)
 Metaspace       used 20573K, capacity 21208K, committed 21296K, reserved 1067008K
  class space    used 2877K, capacity 3076K, committed 3120K, reserved 1048576K
Event: 2.538 GC heap after
Heap after GC invocations=6 (full 1):
 PSYoungGen      total 56832K, used 0K [0x00000000d5580000, 0x00000000dcb80000, 0x0000000100000000)
  eden space 49152K, 0% used [0x00000000d5580000,0x00000000d5580000,0x00000000d8580000)
  from space 7680K, 0% used [0x00000000d8580000,0x00000000d8580000,0x00000000d8d00000)
  to   space 11264K, 0% used [0x00000000dc080000,0x00000000dc080000,0x00000000dcb80000)
 ParOldGen       total 71168K, used 7449K [0x0000000080000000, 0x0000000084580000, 0x00000000d5580000)
  object space 71168K, 10% used [0x0000000080000000,0x0000000080746760,0x0000000084580000)
 Metaspace       used 20573K, capacity 21208K, committed 21296K, reserved 1067008K
  class space    used 2877K, capacity 3076K, committed 3120K, reserved 1048576K
}
Event: 2.887 GC heap before
{Heap before GC invocations=7 (full 1):
 PSYoungGen      total 56832K, used 49152K [0x00000000d5580000, 0x00000000dcb80000, 0x0000000100000000)
  eden space 49152K, 100% used [0x00000000d5580000,0x00000000d8580000,0x00000000d8580000)
  from space 7680K, 0% used [0x00000000d8580000,0x00000000d8580000,0x00000000d8d00000)
  to   space 11264K, 0% used [0x00000000dc080000,0x00000000dc080000,0x00000000dcb80000)
 ParOldGen       total 71168K, used 7449K [0x0000000080000000, 0x0000000084580000, 0x00000000d5580000)
  object space 71168K, 10% used [0x0000000080000000,0x0000000080746760,0x0000000084580000)
 Metaspace       used 25111K, capacity 25922K, committed 26160K, reserved 1071104K
  class space    used 3523K, capacity 3775K, committed 3888K, reserved 1048576K
Event: 2.891 GC heap after
Heap after GC invocations=7 (full 1):
 PSYoungGen      total 91648K, used 5476K [0x00000000d5580000, 0x00000000dc600000, 0x0000000100000000)
  eden space 86016K, 0% used [0x00000000d5580000,0x00000000d5580000,0x00000000da980000)
  from space 5632K, 97% used [0x00000000dc080000,0x00000000dc5d90d8,0x00000000dc600000)
  to   space 11264K, 0% used [0x00000000db000000,0x00000000db000000,0x00000000dbb00000)
 ParOldGen       total 71168K, used 7457K [0x0000000080000000, 0x0000000084580000, 0x00000000d5580000)
  object space 71168K, 10% used [0x0000000080000000,0x0000000080748760,0x0000000084580000)
 Metaspace       used 25111K, capacity 25922K, committed 26160K, reserved 1071104K
  class space    used 3523K, capacity 3775K, committed 3888K, reserved 1048576K
}
Event: 3.574 GC heap before
{Heap before GC invocations=8 (full 1):
 PSYoungGen      total 91648K, used 91492K [0x00000000d5580000, 0x00000000dc600000, 0x0000000100000000)
  eden space 86016K, 100% used [0x00000000d5580000,0x00000000da980000,0x00000000da980000)
  from space 5632K, 97% used [0x00000000dc080000,0x00000000dc5d90d8,0x00000000dc600000)
  to   space 11264K, 0% used [0x00000000db000000,0x00000000db000000,0x00000000dbb00000)
 ParOldGen       total 71168K, used 7457K [0x0000000080000000, 0x0000000084580000, 0x00000000d5580000)
  object space 71168K, 10% used [0x0000000080000000,0x0000000080748760,0x0000000084580000)
 Metaspace       used 33294K, capacity 34402K, committed 34608K, reserved 1079296K
  class space    used 4563K, capacity 4826K, committed 4912K, reserved 1048576K
Event: 3.587 GC heap after
Heap after GC invocations=8 (full 1):
 PSYoungGen      total 103936K, used 10989K [0x00000000d5580000, 0x00000000dff80000, 0x0000000100000000)
  eden space 92672K, 0% used [0x00000000d5580000,0x00000000d5580000,0x00000000db000000)
  from space 11264K, 97% used [0x00000000db000000,0x00000000dbabb7c8,0x00000000dbb00000)
  to   space 12800K, 0% used [0x00000000df300000,0x00000000df300000,0x00000000dff80000)
 ParOldGen       total 71168K, used 7465K [0x0000000080000000, 0x0000000084580000, 0x00000000d5580000)
  object space 71168K, 10% used [0x0000000080000000,0x000000008074a760,0x0000000084580000)
 Metaspace       used 33294K, capacity 34402K, committed 34608K, reserved 1079296K
  class space    used 4563K, capacity 4826K, committed 4912K, reserved 1048576K
}

