# JRE version: OpenJDK Runtime Environment (8.0_242-b01) (build 1.8.0_242-release-1644-b01)
# Java VM: OpenJDK 64-Bit Server VM (25.242-b01 mixed mode windows-amd64 compressed oops)
Heap:
 PSYoungGen      total 159232K, used 29026K [0x00000000d5580000, 0x00000000e2e00000, 0x0000000100000000)
  eden space 146432K, 11% used [0x00000000d5580000,0x00000000d6695b08,0x00000000de480000)
  from space 12800K, 90% used [0x00000000de480000,0x00000000defc3028,0x00000000df100000)
  to   space 13824K, 0% used [0x00000000e2080000,0x00000000e2080000,0x00000000e2e00000)
 ParOldGen       total 101888K, used 14054K [0x0000000080000000, 0x0000000086380000, 0x00000000d5580000)
  object space 101888K, 13% used [0x0000000080000000,0x0000000080db9bd8,0x0000000086380000)
 Metaspace       used 41485K, capacity 43540K, committed 43736K, reserved 1087488K
  class space    used 5732K, capacity 6126K, committed 6144K, reserved 1048576K
GC Heap History (10 events):
Event: 7.483 GC heap before
{Heap before GC invocations=7 (full 1):
 PSYoungGen      total 56832K, used 49152K [0x00000000d5580000, 0x00000000dcb80000, 0x0000000100000000)
  eden space 49152K, 100% used [0x00000000d5580000,0x00000000d8580000,0x00000000d8580000)
  from space 7680K, 0% used [0x00000000d8580000,0x00000000d8580000,0x00000000d8d00000)
  to   space 11264K, 0% used [0x00000000dc080000,0x00000000dc080000,0x00000000dcb80000)
 ParOldGen       total 70656K, used 7523K [0x0000000080000000, 0x0000000084500000, 0x00000000d5580000)
  object space 70656K, 10% used [0x0000000080000000,0x0000000080758c88,0x0000000084500000)
 Metaspace       used 23685K, capacity 24668K, committed 24960K, reserved 1071104K
  class space    used 3382K, capacity 3662K, committed 3712K, reserved 1048576K
Event: 7.490 GC heap after
Heap after GC invocations=7 (full 1):
 PSYoungGen      total 90624K, used 4427K [0x00000000d5580000, 0x00000000dc500000, 0x0000000100000000)
  eden space 86016K, 0% used [0x00000000d5580000,0x00000000d5580000,0x00000000da980000)
  from space 4608K, 96% used [0x00000000dc080000,0x00000000dc4d2f90,0x00000000dc500000)
  to   space 11776K, 0% used [0x00000000dae00000,0x00000000dae00000,0x00000000db980000)
 ParOldGen       total 70656K, used 7531K [0x0000000080000000, 0x0000000084500000, 0x00000000d5580000)
  object space 70656K, 10% used [0x0000000080000000,0x000000008075ac88,0x0000000084500000)
 Metaspace       used 23685K, capacity 24668K, committed 24960K, reserved 1071104K
  class space    used 3382K, capacity 3662K, committed 3712K, reserved 1048576K
}
Event: 9.815 GC heap before
{Heap before GC invocations=8 (full 1):
 PSYoungGen      total 90624K, used 90443K [0x00000000d5580000, 0x00000000dc500000, 0x0000000100000000)
  eden space 86016K, 100% used [0x00000000d5580000,0x00000000da980000,0x00000000da980000)
  from space 4608K, 96% used [0x00000000dc080000,0x00000000dc4d2f90,0x00000000dc500000)
  to   space 11776K, 0% used [0x00000000dae00000,0x00000000dae00000,0x00000000db980000)
 ParOldGen       total 70656K, used 7531K [0x0000000080000000, 0x0000000084500000, 0x00000000d5580000)
  object space 70656K, 10% used [0x0000000080000000,0x000000008075ac88,0x0000000084500000)
 Metaspace       used 33312K, capacity 34494K, committed 34560K, reserved 1079296K
  class space    used 4512K, capacity 4829K, committed 4864K, reserved 1048576K
Event: 9.823 GC heap after
Heap after GC invocations=8 (full 1):
 PSYoungGen      total 102400K, used 11662K [0x00000000d5580000, 0x00000000dfe00000, 0x0000000100000000)
  eden space 90624K, 0% used [0x00000000d5580000,0x00000000d5580000,0x00000000dae00000)
  from space 11776K, 99% used [0x00000000dae00000,0x00000000db963a20,0x00000000db980000)
  to   space 13312K, 0% used [0x00000000df100000,0x00000000df100000,0x00000000dfe00000)
 ParOldGen       total 70656K, used 7539K [0x0000000080000000, 0x0000000084500000, 0x00000000d5580000)
  object space 70656K, 10% used [0x0000000080000000,0x000000008075cc88,0x0000000084500000)
 Metaspace       used 33312K, capacity 34494K, committed 34560K, reserved 1079296K
  class space    used 4512K, capacity 4829K, committed 4864K, reserved 1048576K
}
Event: 10.367 GC heap before
{Heap before GC invocations=9 (full 1):
 PSYoungGen      total 102400K, used 28532K [0x00000000d5580000, 0x00000000dfe00000, 0x0000000100000000)
  eden space 90624K, 18% used [0x00000000d5580000,0x00000000d65f9620,0x00000000dae00000)
  from space 11776K, 99% used [0x00000000dae00000,0x00000000db963a20,0x00000000db980000)
  to   space 13312K, 0% used [0x00000000df100000,0x00000000df100000,0x00000000dfe00000)
 ParOldGen       total 70656K, used 7539K [0x0000000080000000, 0x0000000084500000, 0x00000000d5580000)
  object space 70656K, 10% used [0x0000000080000000,0x000000008075cc88,0x0000000084500000)
 Metaspace       used 34038K, capacity 35394K, committed 35416K, reserved 1079296K
  class space    used 4610K, capacity 4976K, committed 4992K, reserved 1048576K
Event: 10.379 GC heap after
Heap after GC invocations=9 (full 1):
 PSYoungGen      total 159744K, used 7630K [0x00000000d5580000, 0x00000000e0780000, 0x0000000100000000)
  eden space 146432K, 0% used [0x00000000d5580000,0x00000000d5580000,0x00000000de480000)
  from space 13312K, 57% used [0x00000000df100000,0x00000000df873b28,0x00000000dfe00000)
  to   space 12800K, 0% used [0x00000000de480000,0x00000000de480000,0x00000000df100000)
 ParOldGen       total 70656K, used 7547K [0x0000000080000000, 0x0000000084500000, 0x00000000d5580000)
  object space 70656K, 10% used [0x0000000080000000,0x000000008075ec88,0x0000000084500000)
 Metaspace       used 34038K, capacity 35394K, committed 35416K, reserved 1079296K
  class space    used 4610K, capacity 4976K, committed 4992K, reserved 1048576K
}
Event: 10.379 GC heap before
{Heap before GC invocations=10 (full 2):
 PSYoungGen      total 159744K, used 7630K [0x00000000d5580000, 0x00000000e0780000, 0x0000000100000000)
  eden space 146432K, 0% used [0x00000000d5580000,0x00000000d5580000,0x00000000de480000)
  from space 13312K, 57% used [0x00000000df100000,0x00000000df873b28,0x00000000dfe00000)
  to   space 12800K, 0% used [0x00000000de480000,0x00000000de480000,0x00000000df100000)
 ParOldGen       total 70656K, used 7547K [0x0000000080000000, 0x0000000084500000, 0x00000000d5580000)
  object space 70656K, 10% used [0x0000000080000000,0x000000008075ec88,0x0000000084500000)
 Metaspace       used 34038K, capacity 35394K, committed 35416K, reserved 1079296K
  class space    used 4610K, capacity 4976K, committed 4992K, reserved 1048576K
Event: 10.475 GC heap after
Heap after GC invocations=10 (full 2):
 PSYoungGen      total 159744K, used 0K [0x00000000d5580000, 0x00000000e0780000, 0x0000000100000000)
  eden space 146432K, 0% used [0x00000000d5580000,0x00000000d5580000,0x00000000de480000)
  from space 13312K, 0% used [0x00000000df100000,0x00000000df100000,0x00000000dfe00000)
  to   space 12800K, 0% used [0x00000000de480000,0x00000000de480000,0x00000000df100000)
 ParOldGen       total 101888K, used 14046K [0x0000000080000000, 0x0000000086380000, 0x00000000d5580000)
  object space 101888K, 13% used [0x0000000080000000,0x0000000080db7bd8,0x0000000086380000)
 Metaspace       used 34038K, capacity 35394K, committed 35416K, reserved 1079296K
  class space    used 4610K, capacity 4976K, committed 4992K, reserved 1048576K
}
Event: 15.446 GC heap before
{Heap before GC invocations=11 (full 2):
 PSYoungGen      total 159744K, used 146432K [0x00000000d5580000, 0x00000000e0780000, 0x0000000100000000)
  eden space 146432K, 100% used [0x00000000d5580000,0x00000000de480000,0x00000000de480000)
  from space 13312K, 0% used [0x00000000df100000,0x00000000df100000,0x00000000dfe00000)
  to   space 12800K, 0% used [0x00000000de480000,0x00000000de480000,0x00000000df100000)
 ParOldGen       total 101888K, used 14046K [0x0000000080000000, 0x0000000086380000, 0x00000000d5580000)
  object space 101888K, 13% used [0x0000000080000000,0x0000000080db7bd8,0x0000000086380000)
 Metaspace       used 39743K, capacity 41808K, committed 42072K, reserved 1085440K
  class space    used 5511K, capacity 5918K, committed 6016K, reserved 1048576K
Event: 15.468 GC heap after
Heap after GC invocations=11 (full 2):
 PSYoungGen      total 159232K, used 11532K [0x00000000d5580000, 0x00000000e2e00000, 0x0000000100000000)
  eden space 146432K, 0% used [0x00000000d5580000,0x00000000d5580000,0x00000000de480000)
  from space 12800K, 90% used [0x00000000de480000,0x00000000defc3028,0x00000000df100000)
  to   space 13824K, 0% used [0x00000000e2080000,0x00000000e2080000,0x00000000e2e00000)
 ParOldGen       total 101888K, used 14054K [0x0000000080000000, 0x0000000086380000, 0x00000000d5580000)
  object space 101888K, 13% used [0x0000000080000000,0x0000000080db9bd8,0x0000000086380000)
 Metaspace       used 39743K, capacity 41808K, committed 42072K, reserved 1085440K
  class space    used 5511K, capacity 5918K, committed 6016K, reserved 1048576K
}

