# JRE version: OpenJDK Runtime Environment (8.0_242-b01) (build 1.8.0_242-release-1644-b01)
# Java VM: OpenJDK 64-Bit Server VM (25.242-b01 mixed mode windows-amd64 compressed oops)
Heap:
 PSYoungGen      total 157184K, used 43575K [0x00000000d5580000, 0x00000000e0c00000, 0x0000000100000000)
  eden space 144896K, 23% used [0x00000000d5580000,0x00000000d762f378,0x00000000de300000)
  from space 12288K, 82% used [0x00000000de300000,0x00000000decde8b8,0x00000000def00000)
  to   space 12800K, 0% used [0x00000000def00000,0x00000000def00000,0x00000000dfb80000)
 ParOldGen       total 115200K, used 14227K [0x0000000080000000, 0x0000000087080000, 0x00000000d5580000)
  object space 115200K, 12% used [0x0000000080000000,0x0000000080de4d20,0x0000000087080000)
 Metaspace       used 44295K, capacity 46094K, committed 46376K, reserved 1089536K
  class space    used 6023K, capacity 6399K, committed 6448K, reserved 1048576K
GC Heap History (10 events):
Event: 2.871 GC heap before
{Heap before GC invocations=7 (full 1):
 PSYoungGen      total 56832K, used 49152K [0x00000000d5580000, 0x00000000dcb80000, 0x0000000100000000)
  eden space 49152K, 100% used [0x00000000d5580000,0x00000000d8580000,0x00000000d8580000)
  from space 7680K, 0% used [0x00000000d8580000,0x00000000d8580000,0x00000000d8d00000)
  to   space 11264K, 0% used [0x00000000dc080000,0x00000000dc080000,0x00000000dcb80000)
 ParOldGen       total 71680K, used 7441K [0x0000000080000000, 0x0000000084600000, 0x00000000d5580000)
  object space 71680K, 10% used [0x0000000080000000,0x0000000080744420,0x0000000084600000)
 Metaspace       used 25089K, capacity 25858K, committed 26160K, reserved 1071104K
  class space    used 3520K, capacity 3775K, committed 3888K, reserved 1048576K
Event: 2.875 GC heap after
Heap after GC invocations=7 (full 1):
 PSYoungGen      total 90624K, used 5449K [0x00000000d5580000, 0x00000000dc600000, 0x0000000100000000)
  eden space 84992K, 0% used [0x00000000d5580000,0x00000000d5580000,0x00000000da880000)
  from space 5632K, 96% used [0x00000000dc080000,0x00000000dc5d26e0,0x00000000dc600000)
  to   space 11264K, 0% used [0x00000000db000000,0x00000000db000000,0x00000000dbb00000)
 ParOldGen       total 71680K, used 7449K [0x0000000080000000, 0x0000000084600000, 0x00000000d5580000)
  object space 71680K, 10% used [0x0000000080000000,0x0000000080746420,0x0000000084600000)
 Metaspace       used 25089K, capacity 25858K, committed 26160K, reserved 1071104K
  class space    used 3520K, capacity 3775K, committed 3888K, reserved 1048576K
}
Event: 3.494 GC heap before
{Heap before GC invocations=8 (full 1):
 PSYoungGen      total 90624K, used 90441K [0x00000000d5580000, 0x00000000dc600000, 0x0000000100000000)
  eden space 84992K, 100% used [0x00000000d5580000,0x00000000da880000,0x00000000da880000)
  from space 5632K, 96% used [0x00000000dc080000,0x00000000dc5d26e0,0x00000000dc600000)
  to   space 11264K, 0% used [0x00000000db000000,0x00000000db000000,0x00000000dbb00000)
 ParOldGen       total 71680K, used 7449K [0x0000000080000000, 0x0000000084600000, 0x00000000d5580000)
  object space 71680K, 10% used [0x0000000080000000,0x0000000080746420,0x0000000084600000)
 Metaspace       used 33177K, capacity 34242K, committed 34608K, reserved 1079296K
  class space    used 4548K, capacity 4794K, committed 4912K, reserved 1048576K
Event: 3.503 GC heap after
Heap after GC invocations=8 (full 1):
 PSYoungGen      total 103936K, used 10960K [0x00000000d5580000, 0x00000000dfb80000, 0x0000000100000000)
  eden space 92672K, 0% used [0x00000000d5580000,0x00000000d5580000,0x00000000db000000)
  from space 11264K, 97% used [0x00000000db000000,0x00000000dbab4110,0x00000000dbb00000)
  to   space 12800K, 0% used [0x00000000def00000,0x00000000def00000,0x00000000dfb80000)
 ParOldGen       total 71680K, used 7457K [0x0000000080000000, 0x0000000084600000, 0x00000000d5580000)
  object space 71680K, 10% used [0x0000000080000000,0x0000000080748420,0x0000000084600000)
 Metaspace       used 33177K, capacity 34242K, committed 34608K, reserved 1079296K
  class space    used 4548K, capacity 4794K, committed 4912K, reserved 1048576K
}
Event: 3.638 GC heap before
{Heap before GC invocations=9 (full 1):
 PSYoungGen      total 103936K, used 35635K [0x00000000d5580000, 0x00000000dfb80000, 0x0000000100000000)
  eden space 92672K, 26% used [0x00000000d5580000,0x00000000d6d98d08,0x00000000db000000)
  from space 11264K, 97% used [0x00000000db000000,0x00000000dbab4110,0x00000000dbb00000)
  to   space 12800K, 0% used [0x00000000def00000,0x00000000def00000,0x00000000dfb80000)
 ParOldGen       total 71680K, used 7457K [0x0000000080000000, 0x0000000084600000, 0x00000000d5580000)
  object space 71680K, 10% used [0x0000000080000000,0x0000000080748420,0x0000000084600000)
 Metaspace       used 34323K, capacity 35404K, committed 35496K, reserved 1079296K
  class space    used 4726K, capacity 5003K, committed 5040K, reserved 1048576K
Event: 3.645 GC heap after
Heap after GC invocations=9 (full 1):
 PSYoungGen      total 157696K, used 7932K [0x00000000d5580000, 0x00000000e0c00000, 0x0000000100000000)
  eden space 144896K, 0% used [0x00000000d5580000,0x00000000d5580000,0x00000000de300000)
  from space 12800K, 61% used [0x00000000def00000,0x00000000df6bf370,0x00000000dfb80000)
  to   space 12288K, 0% used [0x00000000de300000,0x00000000de300000,0x00000000def00000)
 ParOldGen       total 71680K, used 7465K [0x0000000080000000, 0x0000000084600000, 0x00000000d5580000)
  object space 71680K, 10% used [0x0000000080000000,0x000000008074a420,0x0000000084600000)
 Metaspace       used 34323K, capacity 35404K, committed 35496K, reserved 1079296K
  class space    used 4726K, capacity 5003K, committed 5040K, reserved 1048576K
}
Event: 3.645 GC heap before
{Heap before GC invocations=10 (full 2):
 PSYoungGen      total 157696K, used 7932K [0x00000000d5580000, 0x00000000e0c00000, 0x0000000100000000)
  eden space 144896K, 0% used [0x00000000d5580000,0x00000000d5580000,0x00000000de300000)
  from space 12800K, 61% used [0x00000000def00000,0x00000000df6bf370,0x00000000dfb80000)
  to   space 12288K, 0% used [0x00000000de300000,0x00000000de300000,0x00000000def00000)
 ParOldGen       total 71680K, used 7465K [0x0000000080000000, 0x0000000084600000, 0x00000000d5580000)
  object space 71680K, 10% used [0x0000000080000000,0x000000008074a420,0x0000000084600000)
 Metaspace       used 34323K, capacity 35404K, committed 35496K, reserved 1079296K
  class space    used 4726K, capacity 5003K, committed 5040K, reserved 1048576K
Event: 3.737 GC heap after
Heap after GC invocations=10 (full 2):
 PSYoungGen      total 157696K, used 0K [0x00000000d5580000, 0x00000000e0c00000, 0x0000000100000000)
  eden space 144896K, 0% used [0x00000000d5580000,0x00000000d5580000,0x00000000de300000)
  from space 12800K, 0% used [0x00000000def00000,0x00000000def00000,0x00000000dfb80000)
  to   space 12288K, 0% used [0x00000000de300000,0x00000000de300000,0x00000000def00000)
 ParOldGen       total 115200K, used 14219K [0x0000000080000000, 0x0000000087080000, 0x00000000d5580000)
  object space 115200K, 12% used [0x0000000080000000,0x0000000080de2d20,0x0000000087080000)
 Metaspace       used 34323K, capacity 35404K, committed 35496K, reserved 1079296K
  class space    used 4726K, capacity 5003K, committed 5040K, reserved 1048576K
}
Event: 4.553 GC heap before
{Heap before GC invocations=11 (full 2):
 PSYoungGen      total 157696K, used 144896K [0x00000000d5580000, 0x00000000e0c00000, 0x0000000100000000)
  eden space 144896K, 100% used [0x00000000d5580000,0x00000000de300000,0x00000000de300000)
  from space 12800K, 0% used [0x00000000def00000,0x00000000def00000,0x00000000dfb80000)
  to   space 12288K, 0% used [0x00000000de300000,0x00000000de300000,0x00000000def00000)
 ParOldGen       total 115200K, used 14219K [0x0000000080000000, 0x0000000087080000, 0x00000000d5580000)
  object space 115200K, 12% used [0x0000000080000000,0x0000000080de2d20,0x0000000087080000)
 Metaspace       used 40016K, capacity 41878K, committed 42024K, reserved 1085440K
  class space    used 5536K, capacity 5923K, committed 5936K, reserved 1048576K
Event: 4.561 GC heap after
Heap after GC invocations=11 (full 2):
 PSYoungGen      total 157184K, used 10106K [0x00000000d5580000, 0x00000000e0c00000, 0x0000000100000000)
  eden space 144896K, 0% used [0x00000000d5580000,0x00000000d5580000,0x00000000de300000)
  from space 12288K, 82% used [0x00000000de300000,0x00000000decde8b8,0x00000000def00000)
  to   space 12800K, 0% used [0x00000000def00000,0x00000000def00000,0x00000000dfb80000)
 ParOldGen       total 115200K, used 14227K [0x0000000080000000, 0x0000000087080000, 0x00000000d5580000)
  object space 115200K, 12% used [0x0000000080000000,0x0000000080de4d20,0x0000000087080000)
 Metaspace       used 40016K, capacity 41878K, committed 42024K, reserved 1085440K
  class space    used 5536K, capacity 5923K, committed 5936K, reserved 1048576K
}

