# JRE version: OpenJDK Runtime Environment (8.0_242-b01) (build 1.8.0_242-release-1644-b01)
# Java VM: OpenJDK 64-Bit Server VM (25.242-b01 mixed mode windows-amd64 compressed oops)
Heap:
 PSYoungGen      total 160256K, used 20081K [0x00000000d5580000, 0x00000000e0680000, 0x0000000100000000)
  eden space 147968K, 5% used [0x00000000d5580000,0x00000000d5d1f180,0x00000000de600000)
  from space 12288K, 99% used [0x00000000df600000,0x00000000e01fd300,0x00000000e0200000)
  to   space 16384K, 0% used [0x00000000de600000,0x00000000de600000,0x00000000df600000)
 ParOldGen       total 120320K, used 22541K [0x0000000080000000, 0x0000000087580000, 0x00000000d5580000)
  object space 120320K, 18% used [0x0000000080000000,0x0000000081603690,0x0000000087580000)
 Metaspace       used 50862K, capacity 52958K, committed 53160K, reserved 1095680K
  class space    used 6810K, capacity 7225K, committed 7344K, reserved 1048576K
GC Heap History (10 events):
Event: 3.843 GC heap before
{Heap before GC invocations=8 (full 1):
 PSYoungGen      total 83456K, used 83306K [0x00000000d5580000, 0x00000000dc600000, 0x0000000100000000)
  eden space 77824K, 100% used [0x00000000d5580000,0x00000000da180000,0x00000000da180000)
  from space 5632K, 97% used [0x00000000dc080000,0x00000000dc5da8f8,0x00000000dc600000)
  to   space 11264K, 0% used [0x00000000db000000,0x00000000db000000,0x00000000dbb00000)
 ParOldGen       total 78336K, used 7446K [0x0000000080000000, 0x0000000084c80000, 0x00000000d5580000)
  object space 78336K, 9% used [0x0000000080000000,0x0000000080745900,0x0000000084c80000)
 Metaspace       used 32730K, capacity 33702K, committed 33968K, reserved 1079296K
  class space    used 4474K, capacity 4719K, committed 4784K, reserved 1048576K
Event: 3.851 GC heap after
Heap after GC invocations=8 (full 1):
 PSYoungGen      total 103936K, used 10392K [0x00000000d5580000, 0x00000000de300000, 0x0000000100000000)
  eden space 92672K, 0% used [0x00000000d5580000,0x00000000d5580000,0x00000000db000000)
  from space 11264K, 92% used [0x00000000db000000,0x00000000dba263e8,0x00000000dbb00000)
  to   space 12288K, 0% used [0x00000000dd700000,0x00000000dd700000,0x00000000de300000)
 ParOldGen       total 78336K, used 7454K [0x0000000080000000, 0x0000000084c80000, 0x00000000d5580000)
  object space 78336K, 9% used [0x0000000080000000,0x0000000080747900,0x0000000084c80000)
 Metaspace       used 32730K, capacity 33702K, committed 33968K, reserved 1079296K
  class space    used 4474K, capacity 4719K, committed 4784K, reserved 1048576K
}
Event: 8.545 GC heap before
{Heap before GC invocations=9 (full 1):
 PSYoungGen      total 103936K, used 42072K [0x00000000d5580000, 0x00000000de300000, 0x0000000100000000)
  eden space 92672K, 34% used [0x00000000d5580000,0x00000000d746fc58,0x00000000db000000)
  from space 11264K, 92% used [0x00000000db000000,0x00000000dba263e8,0x00000000dbb00000)
  to   space 12288K, 0% used [0x00000000dd700000,0x00000000dd700000,0x00000000de300000)
 ParOldGen       total 78336K, used 7454K [0x0000000080000000, 0x0000000084c80000, 0x00000000d5580000)
  object space 78336K, 9% used [0x0000000080000000,0x0000000080747900,0x0000000084c80000)
 Metaspace       used 34334K, capacity 35416K, committed 35496K, reserved 1079296K
  class space    used 4726K, capacity 5003K, committed 5040K, reserved 1048576K
Event: 8.550 GC heap after
Heap after GC invocations=9 (full 1):
 PSYoungGen      total 132608K, used 8223K [0x00000000d5580000, 0x00000000df300000, 0x0000000100000000)
  eden space 120320K, 0% used [0x00000000d5580000,0x00000000d5580000,0x00000000dcb00000)
  from space 12288K, 66% used [0x00000000dd700000,0x00000000ddf07d30,0x00000000de300000)
  to   space 12288K, 0% used [0x00000000dcb00000,0x00000000dcb00000,0x00000000dd700000)
 ParOldGen       total 78336K, used 7462K [0x0000000080000000, 0x0000000084c80000, 0x00000000d5580000)
  object space 78336K, 9% used [0x0000000080000000,0x0000000080749900,0x0000000084c80000)
 Metaspace       used 34334K, capacity 35416K, committed 35496K, reserved 1079296K
  class space    used 4726K, capacity 5003K, committed 5040K, reserved 1048576K
}
Event: 8.550 GC heap before
{Heap before GC invocations=10 (full 2):
 PSYoungGen      total 132608K, used 8223K [0x00000000d5580000, 0x00000000df300000, 0x0000000100000000)
  eden space 120320K, 0% used [0x00000000d5580000,0x00000000d5580000,0x00000000dcb00000)
  from space 12288K, 66% used [0x00000000dd700000,0x00000000ddf07d30,0x00000000de300000)
  to   space 12288K, 0% used [0x00000000dcb00000,0x00000000dcb00000,0x00000000dd700000)
 ParOldGen       total 78336K, used 7462K [0x0000000080000000, 0x0000000084c80000, 0x00000000d5580000)
  object space 78336K, 9% used [0x0000000080000000,0x0000000080749900,0x0000000084c80000)
 Metaspace       used 34334K, capacity 35416K, committed 35496K, reserved 1079296K
  class space    used 4726K, capacity 5003K, committed 5040K, reserved 1048576K
Event: 8.636 GC heap after
Heap after GC invocations=10 (full 2):
 PSYoungGen      total 132608K, used 0K [0x00000000d5580000, 0x00000000df300000, 0x0000000100000000)
  eden space 120320K, 0% used [0x00000000d5580000,0x00000000d5580000,0x00000000dcb00000)
  from space 12288K, 0% used [0x00000000dd700000,0x00000000dd700000,0x00000000de300000)
  to   space 12288K, 0% used [0x00000000dcb00000,0x00000000dcb00000,0x00000000dd700000)
 ParOldGen       total 120320K, used 14503K [0x0000000080000000, 0x0000000087580000, 0x00000000d5580000)
  object space 120320K, 12% used [0x0000000080000000,0x0000000080e29c78,0x0000000087580000)
 Metaspace       used 34334K, capacity 35416K, committed 35496K, reserved 1079296K
  class space    used 4726K, capacity 5003K, committed 5040K, reserved 1048576K
}
Event: 17.927 GC heap before
{Heap before GC invocations=11 (full 2):
 PSYoungGen      total 132608K, used 120320K [0x00000000d5580000, 0x00000000df300000, 0x0000000100000000)
  eden space 120320K, 100% used [0x00000000d5580000,0x00000000dcb00000,0x00000000dcb00000)
  from space 12288K, 0% used [0x00000000dd700000,0x00000000dd700000,0x00000000de300000)
  to   space 12288K, 0% used [0x00000000dcb00000,0x00000000dcb00000,0x00000000dd700000)
 ParOldGen       total 120320K, used 14503K [0x0000000080000000, 0x0000000087580000, 0x00000000d5580000)
  object space 120320K, 12% used [0x0000000080000000,0x0000000080e29c78,0x0000000087580000)
 Metaspace       used 39471K, capacity 41290K, committed 41512K, reserved 1085440K
  class space    used 5451K, capacity 5829K, committed 5936K, reserved 1048576K
Event: 17.954 GC heap after
Heap after GC invocations=11 (full 2):
 PSYoungGen      total 132608K, used 9415K [0x00000000d5580000, 0x00000000e0200000, 0x0000000100000000)
  eden space 120320K, 0% used [0x00000000d5580000,0x00000000d5580000,0x00000000dcb00000)
  from space 12288K, 76% used [0x00000000dcb00000,0x00000000dd431fd8,0x00000000dd700000)
  to   space 12288K, 0% used [0x00000000df600000,0x00000000df600000,0x00000000e0200000)
 ParOldGen       total 120320K, used 14511K [0x0000000080000000, 0x0000000087580000, 0x00000000d5580000)
  object space 120320K, 12% used [0x0000000080000000,0x0000000080e2bc78,0x0000000087580000)
 Metaspace       used 39471K, capacity 41290K, committed 41512K, reserved 1085440K
  class space    used 5451K, capacity 5829K, committed 5936K, reserved 1048576K
}
Event: 22.459 GC heap before
{Heap before GC invocations=12 (full 2):
 PSYoungGen      total 132608K, used 129735K [0x00000000d5580000, 0x00000000e0200000, 0x0000000100000000)
  eden space 120320K, 100% used [0x00000000d5580000,0x00000000dcb00000,0x00000000dcb00000)
  from space 12288K, 76% used [0x00000000dcb00000,0x00000000dd431fd8,0x00000000dd700000)
  to   space 12288K, 0% used [0x00000000df600000,0x00000000df600000,0x00000000e0200000)
 ParOldGen       total 120320K, used 14511K [0x0000000080000000, 0x0000000087580000, 0x00000000d5580000)
  object space 120320K, 12% used [0x0000000080000000,0x0000000080e2bc78,0x0000000087580000)
 Metaspace       used 50686K, capacity 52812K, committed 53160K, reserved 1095680K
  class space    used 6786K, capacity 7222K, committed 7344K, reserved 1048576K
Event: 22.473 GC heap after
Heap after GC invocations=12 (full 2):
 PSYoungGen      total 160256K, used 12276K [0x00000000d5580000, 0x00000000e0680000, 0x0000000100000000)
  eden space 147968K, 0% used [0x00000000d5580000,0x00000000d5580000,0x00000000de600000)
  from space 12288K, 99% used [0x00000000df600000,0x00000000e01fd300,0x00000000e0200000)
  to   space 16384K, 0% used [0x00000000de600000,0x00000000de600000,0x00000000df600000)
 ParOldGen       total 120320K, used 22541K [0x0000000080000000, 0x0000000087580000, 0x00000000d5580000)
  object space 120320K, 18% used [0x0000000080000000,0x0000000081603690,0x0000000087580000)
 Metaspace       used 50686K, capacity 52812K, committed 53160K, reserved 1095680K
  class space    used 6786K, capacity 7222K, committed 7344K, reserved 1048576K
}

